# JRE version: OpenJDK Runtime Environment (11.0.10) (build 11.0.10+0-b96-7249189)
# Java VM: OpenJDK 64-Bit Server VM (11.0.10+0-b96-7249189, mixed mode, tiered, compressed oops, g1 gc, windows-amd64)
Heap:
 garbage-first heap   total 419840K, used 164192K [0x0000000080000000, 0x0000000100000000)
  region size 1024K, 5 young (5120K), 5 survivors (5120K)
 Metaspace       used 101729K, capacity 104546K, committed 105548K, reserved 1140736K
  class space    used 13396K, capacity 14491K, committed 14924K, reserved 1048576K
GC Heap History (20 events):
Event: 18.377 GC heap after
{Heap after GC invocations=29 (full 0):
 garbage-first heap   total 157696K, used 85907K [0x0000000080000000, 0x0000000100000000)
  region size 1024K, 1 young (1024K), 1 survivors (1024K)
 Metaspace       used 93453K, capacity 95787K, committed 96076K, reserved 1132544K
  class space    used 12141K, capacity 13029K, committed 13132K, reserved 1048576K
}
Event: 18.882 GC heap before
{Heap before GC invocations=29 (full 0):
 garbage-first heap   total 157696K, used 118675K [0x0000000080000000, 0x0000000100000000)
  region size 1024K, 34 young (34816K), 1 survivors (1024K)
 Metaspace       used 99802K, capacity 102766K, committed 102860K, reserved 1138688K
  class space    used 13239K, capacity 14455K, committed 14540K, reserved 1048576K
}
Event: 18.889 GC heap after
{Heap after GC invocations=30 (full 0):
 garbage-first heap   total 157696K, used 85647K [0x0000000080000000, 0x0000000100000000)
  region size 1024K, 3 young (3072K), 3 survivors (3072K)
 Metaspace       used 99802K, capacity 102766K, committed 102860K, reserved 1138688K
  class space    used 13239K, capacity 14455K, committed 14540K, reserved 1048576K
}
Event: 19.243 GC heap before
{Heap before GC invocations=31 (full 0):
 garbage-first heap   total 157696K, used 132751K [0x0000000080000000, 0x0000000100000000)
  region size 1024K, 37 young (37888K), 3 survivors (3072K)
 Metaspace       used 100467K, capacity 103539K, committed 104012K, reserved 1138688K
  class space    used 13297K, capacity 14527K, committed 14668K, reserved 1048576K
}
Event: 19.251 GC heap after
{Heap after GC invocations=32 (full 0):
 garbage-first heap   total 189440K, used 97522K [0x0000000080000000, 0x0000000100000000)
  region size 1024K, 5 young (5120K), 5 survivors (5120K)
 Metaspace       used 100467K, capacity 103539K, committed 104012K, reserved 1138688K
  class space    used 13297K, capacity 14527K, committed 14668K, reserved 1048576K
}
Event: 19.280 GC heap before
{Heap before GC invocations=32 (full 0):
 garbage-first heap   total 189440K, used 101618K [0x0000000080000000, 0x0000000100000000)
  region size 1024K, 9 young (9216K), 5 survivors (5120K)
 Metaspace       used 100498K, capacity 103540K, committed 104012K, reserved 1138688K
  class space    used 13297K, capacity 14527K, committed 14668K, reserved 1048576K
}
Event: 19.287 GC heap after
{Heap after GC invocations=33 (full 0):
 garbage-first heap   total 189440K, used 99307K [0x0000000080000000, 0x0000000100000000)
  region size 1024K, 2 young (2048K), 2 survivors (2048K)
 Metaspace       used 100498K, capacity 103540K, committed 104012K, reserved 1138688K
  class space    used 13297K, capacity 14527K, committed 14668K, reserved 1048576K
}
Event: 19.761 GC heap before
{Heap before GC invocations=33 (full 0):
 garbage-first heap   total 189440K, used 141291K [0x0000000080000000, 0x0000000100000000)
  region size 1024K, 44 young (45056K), 2 survivors (2048K)
 Metaspace       used 101685K, capacity 104781K, committed 105036K, reserved 1138688K
  class space    used 13572K, capacity 14817K, committed 14924K, reserved 1048576K
}
Event: 19.788 GC heap after
{Heap after GC invocations=34 (full 0):
 garbage-first heap   total 189440K, used 118239K [0x0000000080000000, 0x0000000100000000)
  region size 1024K, 6 young (6144K), 6 survivors (6144K)
 Metaspace       used 101685K, capacity 104781K, committed 105036K, reserved 1138688K
  class space    used 13572K, capacity 14817K, committed 14924K, reserved 1048576K
}
Event: 20.115 GC heap before
{Heap before GC invocations=35 (full 0):
 garbage-first heap   total 189440K, used 146911K [0x0000000080000000, 0x0000000100000000)
  region size 1024K, 35 young (35840K), 6 survivors (6144K)
 Metaspace       used 101284K, capacity 104079K, committed 105036K, reserved 1138688K
  class space    used 13402K, capacity 14513K, committed 14924K, reserved 1048576K
}
Event: 20.141 GC heap after
{Heap after GC invocations=36 (full 0):
 garbage-first heap   total 189440K, used 134677K [0x0000000080000000, 0x0000000100000000)
  region size 1024K, 5 young (5120K), 5 survivors (5120K)
 Metaspace       used 101284K, capacity 104079K, committed 105036K, reserved 1138688K
  class space    used 13402K, capacity 14513K, committed 14924K, reserved 1048576K
}
Event: 20.170 GC heap before
{Heap before GC invocations=36 (full 0):
 garbage-first heap   total 189440K, used 138773K [0x0000000080000000, 0x0000000100000000)
  region size 1024K, 9 young (9216K), 5 survivors (5120K)
 Metaspace       used 101285K, capacity 104079K, committed 105036K, reserved 1138688K
  class space    used 13402K, capacity 14513K, committed 14924K, reserved 1048576K
}
Event: 20.199 GC heap after
{Heap after GC invocations=37 (full 0):
 garbage-first heap   total 252928K, used 134491K [0x0000000080000000, 0x0000000100000000)
  region size 1024K, 2 young (2048K), 2 survivors (2048K)
 Metaspace       used 101285K, capacity 104079K, committed 105036K, reserved 1138688K
  class space    used 13402K, capacity 14513K, committed 14924K, reserved 1048576K
}
Event: 20.813 GC heap before
{Heap before GC invocations=37 (full 0):
 garbage-first heap   total 252928K, used 176475K [0x0000000080000000, 0x0000000100000000)
  region size 1024K, 44 young (45056K), 2 survivors (2048K)
 Metaspace       used 101601K, capacity 104403K, committed 105292K, reserved 1140736K
  class space    used 13412K, capacity 14522K, committed 14924K, reserved 1048576K
}
Event: 20.835 GC heap after
{Heap after GC invocations=38 (full 0):
 garbage-first heap   total 252928K, used 146978K [0x0000000080000000, 0x0000000100000000)
  region size 1024K, 6 young (6144K), 6 survivors (6144K)
 Metaspace       used 101601K, capacity 104403K, committed 105292K, reserved 1140736K
  class space    used 13412K, capacity 14522K, committed 14924K, reserved 1048576K
}
Event: 21.834 GC heap before
{Heap before GC invocations=39 (full 0):
 garbage-first heap   total 252928K, used 188962K [0x0000000080000000, 0x0000000100000000)
  region size 1024K, 45 young (46080K), 6 survivors (6144K)
 Metaspace       used 101670K, capacity 104452K, committed 105548K, reserved 1140736K
  class space    used 13392K, capacity 14483K, committed 14924K, reserved 1048576K
}
Event: 21.863 GC heap after
{Heap after GC invocations=40 (full 0):
 garbage-first heap   total 252928K, used 158208K [0x0000000080000000, 0x0000000100000000)
  region size 1024K, 6 young (6144K), 6 survivors (6144K)
 Metaspace       used 101670K, capacity 104452K, committed 105548K, reserved 1140736K
  class space    used 13392K, capacity 14483K, committed 14924K, reserved 1048576K
}
Event: 21.907 GC heap before
{Heap before GC invocations=40 (full 0):
 garbage-first heap   total 252928K, used 163328K [0x0000000080000000, 0x0000000100000000)
  region size 1024K, 12 young (12288K), 6 survivors (6144K)
 Metaspace       used 101680K, capacity 104466K, committed 105548K, reserved 1140736K
  class space    used 13394K, capacity 14488K, committed 14924K, reserved 1048576K
}
Event: 21.930 GC heap after
{Heap after GC invocations=41 (full 0):
 garbage-first heap   total 252928K, used 154390K [0x0000000080000000, 0x0000000100000000)
  region size 1024K, 2 young (2048K), 2 survivors (2048K)
 Metaspace       used 101680K, capacity 104466K, committed 105548K, reserved 1140736K
  class space    used 13394K, capacity 14488K, committed 14924K, reserved 1048576K
}
Event: 22.084 GC heap before
{Heap before GC invocations=41 (full 0):
 garbage-first heap   total 252928K, used 195350K [0x0000000080000000, 0x0000000100000000)
  region size 1024K, 40 young (40960K), 2 survivors (2048K)
 Metaspace       used 101729K, capacity 104546K, committed 105548K, reserved 1140736K
  class space    used 13396K, capacity 14491K, committed 14924K, reserved 1048576K
}

