# JRE version: OpenJDK Runtime Environment (11.0.10) (build 11.0.10+0-b96-7249189)
# Java VM: OpenJDK 64-Bit Server VM (11.0.10+0-b96-7249189, mixed mode, tiered, compressed oops, g1 gc, windows-amd64)
Heap:
 garbage-first heap   total 325632K, used 152916K [0x0000000080000000, 0x0000000100000000)
  region size 1024K, 5 young (5120K), 5 survivors (5120K)
 Metaspace       used 88892K, capacity 91122K, committed 91468K, reserved 1128448K
  class space    used 11710K, capacity 12524K, committed 12620K, reserved 1048576K
GC Heap History (20 events):
Event: 17.243 GC heap after
{Heap after GC invocations=22 (full 0):
 garbage-first heap   total 131072K, used 68846K [0x0000000080000000, 0x0000000100000000)
  region size 1024K, 5 young (5120K), 5 survivors (5120K)
 Metaspace       used 80856K, capacity 82983K, committed 83276K, reserved 1122304K
  class space    used 10479K, capacity 11266K, committed 11340K, reserved 1048576K
}
Event: 17.667 GC heap before
{Heap before GC invocations=23 (full 0):
 garbage-first heap   total 131072K, used 91374K [0x0000000080000000, 0x0000000100000000)
  region size 1024K, 24 young (24576K), 5 survivors (5120K)
 Metaspace       used 83380K, capacity 85448K, committed 85708K, reserved 1124352K
  class space    used 10824K, capacity 11594K, committed 11724K, reserved 1048576K
}
Event: 17.675 GC heap after
{Heap after GC invocations=24 (full 0):
 garbage-first heap   total 131072K, used 75592K [0x0000000080000000, 0x0000000100000000)
  region size 1024K, 4 young (4096K), 4 survivors (4096K)
 Metaspace       used 83380K, capacity 85448K, committed 85708K, reserved 1124352K
  class space    used 10824K, capacity 11594K, committed 11724K, reserved 1048576K
}
Event: 18.013 GC heap before
{Heap before GC invocations=25 (full 0):
 garbage-first heap   total 131072K, used 117576K [0x0000000080000000, 0x0000000100000000)
  region size 1024K, 36 young (36864K), 4 survivors (4096K)
 Metaspace       used 83593K, capacity 85651K, committed 85964K, reserved 1124352K
  class space    used 10849K, capacity 11597K, committed 11724K, reserved 1048576K
}
Event: 18.032 GC heap after
{Heap after GC invocations=26 (full 0):
 garbage-first heap   total 162816K, used 93148K [0x0000000080000000, 0x0000000100000000)
  region size 1024K, 5 young (5120K), 5 survivors (5120K)
 Metaspace       used 83593K, capacity 85651K, committed 85964K, reserved 1124352K
  class space    used 10849K, capacity 11597K, committed 11724K, reserved 1048576K
}
Event: 18.534 GC heap before
{Heap before GC invocations=26 (full 0):
 garbage-first heap   total 162816K, used 126940K [0x0000000080000000, 0x0000000100000000)
  region size 1024K, 38 young (38912K), 5 survivors (5120K)
 Metaspace       used 85888K, capacity 88016K, committed 88268K, reserved 1126400K
  class space    used 11331K, capacity 12132K, committed 12236K, reserved 1048576K
}
Event: 18.611 GC heap after
{Heap after GC invocations=27 (full 0):
 garbage-first heap   total 162816K, used 109126K [0x0000000080000000, 0x0000000100000000)
  region size 1024K, 5 young (5120K), 5 survivors (5120K)
 Metaspace       used 85888K, capacity 88016K, committed 88268K, reserved 1126400K
  class space    used 11331K, capacity 12132K, committed 12236K, reserved 1048576K
}
Event: 18.859 GC heap before
{Heap before GC invocations=27 (full 0):
 garbage-first heap   total 162816K, used 128582K [0x0000000080000000, 0x0000000100000000)
  region size 1024K, 25 young (25600K), 5 survivors (5120K)
 Metaspace       used 85941K, capacity 88083K, committed 88268K, reserved 1126400K
  class space    used 11332K, capacity 12132K, committed 12236K, reserved 1048576K
}
Event: 18.887 GC heap after
{Heap after GC invocations=28 (full 0):
 garbage-first heap   total 162816K, used 121114K [0x0000000080000000, 0x0000000100000000)
  region size 1024K, 4 young (4096K), 4 survivors (4096K)
 Metaspace       used 85941K, capacity 88083K, committed 88268K, reserved 1126400K
  class space    used 11332K, capacity 12132K, committed 12236K, reserved 1048576K
}
Event: 19.089 GC heap before
{Heap before GC invocations=29 (full 0):
 garbage-first heap   total 162816K, used 132378K [0x0000000080000000, 0x0000000100000000)
  region size 1024K, 16 young (16384K), 4 survivors (4096K)
 Metaspace       used 87255K, capacity 89415K, committed 89676K, reserved 1126400K
  class space    used 11532K, capacity 12320K, committed 12364K, reserved 1048576K
}
Event: 19.100 GC heap after
{Heap after GC invocations=30 (full 0):
 garbage-first heap   total 162816K, used 126820K [0x0000000080000000, 0x0000000100000000)
  region size 1024K, 2 young (2048K), 2 survivors (2048K)
 Metaspace       used 87255K, capacity 89415K, committed 89676K, reserved 1126400K
  class space    used 11532K, capacity 12320K, committed 12364K, reserved 1048576K
}
Event: 19.214 GC heap before
{Heap before GC invocations=30 (full 0):
 garbage-first heap   total 162816K, used 136036K [0x0000000080000000, 0x0000000100000000)
  region size 1024K, 11 young (11264K), 2 survivors (2048K)
 Metaspace       used 87720K, capacity 89957K, committed 90060K, reserved 1126400K
  class space    used 11600K, capacity 12432K, committed 12492K, reserved 1048576K
}
Event: 19.227 GC heap after
{Heap after GC invocations=31 (full 0):
 garbage-first heap   total 256000K, used 129017K [0x0000000080000000, 0x0000000100000000)
  region size 1024K, 2 young (2048K), 2 survivors (2048K)
 Metaspace       used 87720K, capacity 89957K, committed 90060K, reserved 1126400K
  class space    used 11600K, capacity 12432K, committed 12492K, reserved 1048576K
}
Event: 19.855 GC heap before
{Heap before GC invocations=32 (full 0):
 garbage-first heap   total 256000K, used 161785K [0x0000000080000000, 0x0000000100000000)
  region size 1024K, 40 young (40960K), 2 survivors (2048K)
 Metaspace       used 88393K, capacity 90596K, committed 90956K, reserved 1128448K
  class space    used 11670K, capacity 12486K, committed 12620K, reserved 1048576K
}
Event: 19.882 GC heap after
{Heap after GC invocations=33 (full 0):
 garbage-first heap   total 256000K, used 132942K [0x0000000080000000, 0x0000000100000000)
  region size 1024K, 5 young (5120K), 5 survivors (5120K)
 Metaspace       used 88393K, capacity 90596K, committed 90956K, reserved 1128448K
  class space    used 11670K, capacity 12486K, committed 12620K, reserved 1048576K
}
Event: 19.947 GC heap before
{Heap before GC invocations=33 (full 0):
 garbage-first heap   total 256000K, used 137038K [0x0000000080000000, 0x0000000100000000)
  region size 1024K, 10 young (10240K), 5 survivors (5120K)
 Metaspace       used 88399K, capacity 90599K, committed 90956K, reserved 1128448K
  class space    used 11670K, capacity 12486K, committed 12620K, reserved 1048576K
}
Event: 19.965 GC heap after
{Heap after GC invocations=34 (full 0):
 garbage-first heap   total 256000K, used 135095K [0x0000000080000000, 0x0000000100000000)
  region size 1024K, 2 young (2048K), 2 survivors (2048K)
 Metaspace       used 88399K, capacity 90599K, committed 90956K, reserved 1128448K
  class space    used 11670K, capacity 12486K, committed 12620K, reserved 1048576K
}
Event: 20.613 GC heap before
{Heap before GC invocations=35 (full 0):
 garbage-first heap   total 256000K, used 160695K [0x0000000080000000, 0x0000000100000000)
  region size 1024K, 23 young (23552K), 2 survivors (2048K)
 Metaspace       used 88658K, capacity 90952K, committed 91212K, reserved 1128448K
  class space    used 11695K, capacity 12533K, committed 12620K, reserved 1048576K
}
Event: 20.621 GC heap after
{Heap after GC invocations=36 (full 0):
 garbage-first heap   total 256000K, used 142953K [0x0000000080000000, 0x0000000100000000)
  region size 1024K, 4 young (4096K), 4 survivors (4096K)
 Metaspace       used 88658K, capacity 90952K, committed 91212K, reserved 1128448K
  class space    used 11695K, capacity 12533K, committed 12620K, reserved 1048576K
}
Event: 21.144 GC heap before
{Heap before GC invocations=37 (full 0):
 garbage-first heap   total 256000K, used 180841K [0x0000000080000000, 0x0000000100000000)
  region size 1024K, 39 young (39936K), 4 survivors (4096K)
 Metaspace       used 88892K, capacity 91122K, committed 91468K, reserved 1128448K
  class space    used 11710K, capacity 12524K, committed 12620K, reserved 1048576K
}

